TN:
SF:src/fileIO.ts
FN:12,loadIndex
FN:24,loadNotes
FN:48,saveNote
FN:83,removeNote
FNF:4
FNH:3
FNDA:1,loadIndex
FNDA:1,loadNotes
FNDA:1,saveNote
FNDA:0,removeNote
DA:1,1
DA:2,1
DA:3,1
DA:5,1
DA:13,1
DA:14,1
DA:15,1
DA:16,1
DA:24,1
DA:25,1
DA:26,1
DA:28,1
DA:29,1
DA:30,1
DA:31,1
DA:33,1
DA:35,1
DA:38,1
DA:48,1
DA:49,1
DA:52,1
DA:53,1
DA:54,1
DA:56,0
DA:59,1
DA:61,1
DA:62,0
DA:64,1
DA:65,1
DA:66,1
DA:68,1
DA:71,1
DA:72,1
DA:83,1
DA:84,0
DA:85,0
DA:86,0
DA:87,0
DA:88,0
DA:89,0
DA:90,0
DA:91,0
DA:92,0
DA:93,0
DA:97,0
LF:45
LH:32
BRDA:28,0,0,1
BRDA:28,0,1,0
BRDA:52,1,0,1
BRDA:52,1,1,0
BRDA:61,2,0,0
BRDA:61,2,1,1
BRDA:85,3,0,0
BRDA:85,3,1,0
BRDA:89,4,0,0
BRDA:89,4,1,0
BRF:10
BRH:3
end_of_record
TN:
SF:src/note.ts
FN:2,(anonymous_0)
FN:14,(anonymous_1)
FN:20,(anonymous_2)
FN:27,(anonymous_3)
FN:34,(anonymous_4)
FNF:5
FNH:3
FNDA:1,(anonymous_0)
FNDA:2,(anonymous_1)
FNDA:3,(anonymous_2)
FNDA:0,(anonymous_3)
FNDA:0,(anonymous_4)
DA:2,1
DA:7,1
DA:14,2
DA:21,3
DA:28,0
DA:35,0
LF:6
LH:4
BRDA:2,0,0,1
BRDA:2,0,1,1
BRF:2
BRH:2
end_of_record
TN:
SF:src/utils.ts
FN:11,getNoteByTitle
FN:26,searchEntryIndex
FN:42,getColorByString
FN:69,getColorizer
FNF:4
FNH:1
FNDA:0,getNoteByTitle
FNDA:1,searchEntryIndex
FNDA:0,getColorByString
FNDA:0,getColorizer
DA:1,1
DA:3,1
DA:11,1
DA:12,0
DA:13,0
DA:14,0
DA:17,0
DA:26,1
DA:27,1
DA:28,0
DA:29,0
DA:32,1
DA:42,1
DA:43,0
DA:45,0
DA:48,0
DA:51,0
DA:54,0
DA:57,0
DA:60,0
DA:69,1
DA:70,0
DA:72,0
DA:75,0
DA:78,0
DA:81,0
DA:84,0
DA:87,0
LF:28
LH:8
BRDA:13,0,0,0
BRDA:13,0,1,0
BRDA:28,1,0,0
BRDA:28,1,1,0
BRDA:44,2,0,0
BRDA:44,2,1,0
BRDA:44,2,2,0
BRDA:44,2,3,0
BRDA:44,2,4,0
BRDA:44,2,5,0
BRDA:71,3,0,0
BRDA:71,3,1,0
BRDA:71,3,2,0
BRDA:71,3,3,0
BRDA:71,3,4,0
BRDA:71,3,5,0
BRF:16
BRH:0
end_of_record
